{"C:\\Users\\guive\\Documents\\MeusProjetos\\desafio--guilherme--hornig\\desafio-lanchonete-2023\\src\\caixa-da-lanchonete.js": {"path":"C:\\Users\\guive\\Documents\\MeusProjetos\\desafio--guilherme--hornig\\desafio-lanchonete-2023\\src\\caixa-da-lanchonete.js","all":false,"statementMap":{"0":{"start":{"line":1,"column":0},"end":{"line":1,"column":0}},"1":{"start":{"line":2,"column":0},"end":{"line":2,"column":25}},"2":{"start":{"line":3,"column":0},"end":{"line":3,"column":52}},"3":{"start":{"line":4,"column":0},"end":{"line":4,"column":26}},"4":{"start":{"line":5,"column":0},"end":{"line":5,"column":23}},"5":{"start":{"line":6,"column":0},"end":{"line":6,"column":27}},"6":{"start":{"line":7,"column":0},"end":{"line":7,"column":23}},"7":{"start":{"line":8,"column":0},"end":{"line":8,"column":28}},"8":{"start":{"line":9,"column":0},"end":{"line":9,"column":25}},"9":{"start":{"line":10,"column":0},"end":{"line":10,"column":26}},"10":{"start":{"line":11,"column":0},"end":{"line":11,"column":25}},"11":{"start":{"line":12,"column":0},"end":{"line":12,"column":24}},"12":{"start":{"line":13,"column":0},"end":{"line":13,"column":10}},"13":{"start":{"line":14,"column":0},"end":{"line":14,"column":0}},"14":{"start":{"line":15,"column":0},"end":{"line":15,"column":38}},"15":{"start":{"line":16,"column":0},"end":{"line":16,"column":38}},"16":{"start":{"line":17,"column":0},"end":{"line":17,"column":0}},"17":{"start":{"line":18,"column":0},"end":{"line":18,"column":27}},"18":{"start":{"line":19,"column":0},"end":{"line":19,"column":31}},"19":{"start":{"line":20,"column":0},"end":{"line":20,"column":36}},"20":{"start":{"line":21,"column":0},"end":{"line":21,"column":0}},"21":{"start":{"line":22,"column":0},"end":{"line":22,"column":39}},"22":{"start":{"line":23,"column":0},"end":{"line":23,"column":61}},"23":{"start":{"line":24,"column":0},"end":{"line":24,"column":47}},"24":{"start":{"line":25,"column":0},"end":{"line":25,"column":0}},"25":{"start":{"line":26,"column":0},"end":{"line":26,"column":42}},"26":{"start":{"line":27,"column":0},"end":{"line":27,"column":40}},"27":{"start":{"line":28,"column":0},"end":{"line":28,"column":13}},"28":{"start":{"line":29,"column":0},"end":{"line":29,"column":0}},"29":{"start":{"line":30,"column":0},"end":{"line":30,"column":101}},"30":{"start":{"line":31,"column":0},"end":{"line":31,"column":72}},"31":{"start":{"line":32,"column":0},"end":{"line":32,"column":43}},"32":{"start":{"line":33,"column":0},"end":{"line":33,"column":34}},"33":{"start":{"line":34,"column":0},"end":{"line":34,"column":48}},"34":{"start":{"line":35,"column":0},"end":{"line":35,"column":39}},"35":{"start":{"line":36,"column":0},"end":{"line":36,"column":13}},"36":{"start":{"line":37,"column":0},"end":{"line":37,"column":0}},"37":{"start":{"line":38,"column":0},"end":{"line":38,"column":34}},"38":{"start":{"line":39,"column":0},"end":{"line":39,"column":46}},"39":{"start":{"line":40,"column":0},"end":{"line":40,"column":13}},"40":{"start":{"line":41,"column":0},"end":{"line":41,"column":0}},"41":{"start":{"line":42,"column":0},"end":{"line":42,"column":49}},"42":{"start":{"line":43,"column":0},"end":{"line":43,"column":9}},"43":{"start":{"line":44,"column":0},"end":{"line":44,"column":0}},"44":{"start":{"line":45,"column":0},"end":{"line":45,"column":33}},"45":{"start":{"line":46,"column":0},"end":{"line":46,"column":57}},"46":{"start":{"line":47,"column":0},"end":{"line":47,"column":9}},"47":{"start":{"line":48,"column":0},"end":{"line":48,"column":0}},"48":{"start":{"line":49,"column":0},"end":{"line":49,"column":46}},"49":{"start":{"line":50,"column":0},"end":{"line":50,"column":56}},"50":{"start":{"line":51,"column":0},"end":{"line":51,"column":52}},"51":{"start":{"line":52,"column":0},"end":{"line":52,"column":56}},"52":{"start":{"line":53,"column":0},"end":{"line":53,"column":51}},"53":{"start":{"line":54,"column":0},"end":{"line":54,"column":50}},"54":{"start":{"line":55,"column":0},"end":{"line":55,"column":9}},"55":{"start":{"line":56,"column":0},"end":{"line":56,"column":0}},"56":{"start":{"line":57,"column":0},"end":{"line":57,"column":63}},"57":{"start":{"line":58,"column":0},"end":{"line":58,"column":5}},"58":{"start":{"line":59,"column":0},"end":{"line":59,"column":1}},"59":{"start":{"line":60,"column":0},"end":{"line":60,"column":0}},"60":{"start":{"line":61,"column":0},"end":{"line":61,"column":29}},"61":{"start":{"line":62,"column":0},"end":{"line":62,"column":0}},"62":{"start":{"line":63,"column":0},"end":{"line":63,"column":38}},"63":{"start":{"line":64,"column":0},"end":{"line":64,"column":36}},"64":{"start":{"line":65,"column":0},"end":{"line":65,"column":52}},"65":{"start":{"line":66,"column":0},"end":{"line":66,"column":0}},"66":{"start":{"line":67,"column":0},"end":{"line":67,"column":71}},"67":{"start":{"line":68,"column":0},"end":{"line":68,"column":23}}},"s":{"0":1,"1":1,"2":1,"3":20,"4":20,"5":20,"6":20,"7":20,"8":20,"9":20,"10":20,"11":20,"12":20,"13":20,"14":20,"15":20,"16":20,"17":20,"18":20,"19":20,"20":20,"21":20,"22":29,"23":29,"24":29,"25":29,"26":2,"27":2,"28":27,"29":29,"30":4,"31":29,"32":11,"33":23,"34":6,"35":6,"36":23,"37":29,"38":1,"39":1,"40":22,"41":22,"42":22,"43":13,"44":20,"45":3,"46":3,"47":10,"48":20,"49":3,"50":20,"51":3,"52":7,"53":1,"54":1,"55":9,"56":9,"57":9,"58":1,"59":1,"60":1,"61":1,"62":1,"63":1,"64":1,"65":1,"66":1,"67":1},"branchMap":{"0":{"type":"branch","line":3,"loc":{"start":{"line":3,"column":4},"end":{"line":58,"column":5}},"locations":[{"start":{"line":3,"column":4},"end":{"line":58,"column":5}}]},"1":{"type":"branch","line":22,"loc":{"start":{"line":22,"column":38},"end":{"line":43,"column":9}},"locations":[{"start":{"line":22,"column":38},"end":{"line":43,"column":9}}]},"2":{"type":"branch","line":26,"loc":{"start":{"line":26,"column":41},"end":{"line":28,"column":13}},"locations":[{"start":{"line":26,"column":41},"end":{"line":28,"column":13}}]},"3":{"type":"branch","line":28,"loc":{"start":{"line":28,"column":12},"end":{"line":30,"column":42}},"locations":[{"start":{"line":28,"column":12},"end":{"line":30,"column":42}}]},"4":{"type":"branch","line":30,"loc":{"start":{"line":30,"column":38},"end":{"line":30,"column":61}},"locations":[{"start":{"line":30,"column":38},"end":{"line":30,"column":61}}]},"5":{"type":"branch","line":30,"loc":{"start":{"line":30,"column":61},"end":{"line":30,"column":98}},"locations":[{"start":{"line":30,"column":61},"end":{"line":30,"column":98}}]},"6":{"type":"branch","line":30,"loc":{"start":{"line":30,"column":78},"end":{"line":30,"column":97}},"locations":[{"start":{"line":30,"column":78},"end":{"line":30,"column":97}}]},"7":{"type":"branch","line":30,"loc":{"start":{"line":30,"column":100},"end":{"line":32,"column":13}},"locations":[{"start":{"line":30,"column":100},"end":{"line":32,"column":13}}]},"8":{"type":"branch","line":32,"loc":{"start":{"line":32,"column":13},"end":{"line":38,"column":33}},"locations":[{"start":{"line":32,"column":13},"end":{"line":38,"column":33}}]},"9":{"type":"branch","line":32,"loc":{"start":{"line":32,"column":42},"end":{"line":34,"column":13}},"locations":[{"start":{"line":32,"column":42},"end":{"line":34,"column":13}}]},"10":{"type":"branch","line":34,"loc":{"start":{"line":34,"column":13},"end":{"line":36,"column":13}},"locations":[{"start":{"line":34,"column":13},"end":{"line":36,"column":13}}]},"11":{"type":"branch","line":34,"loc":{"start":{"line":34,"column":47},"end":{"line":36,"column":13}},"locations":[{"start":{"line":34,"column":47},"end":{"line":36,"column":13}}]},"12":{"type":"branch","line":38,"loc":{"start":{"line":38,"column":33},"end":{"line":40,"column":13}},"locations":[{"start":{"line":38,"column":33},"end":{"line":40,"column":13}}]},"13":{"type":"branch","line":40,"loc":{"start":{"line":40,"column":12},"end":{"line":43,"column":9}},"locations":[{"start":{"line":40,"column":12},"end":{"line":43,"column":9}}]},"14":{"type":"branch","line":43,"loc":{"start":{"line":43,"column":8},"end":{"line":45,"column":32}},"locations":[{"start":{"line":43,"column":8},"end":{"line":45,"column":32}}]},"15":{"type":"branch","line":45,"loc":{"start":{"line":45,"column":32},"end":{"line":47,"column":9}},"locations":[{"start":{"line":45,"column":32},"end":{"line":47,"column":9}}]},"16":{"type":"branch","line":47,"loc":{"start":{"line":47,"column":8},"end":{"line":49,"column":45}},"locations":[{"start":{"line":47,"column":8},"end":{"line":49,"column":45}}]},"17":{"type":"branch","line":49,"loc":{"start":{"line":49,"column":45},"end":{"line":51,"column":9}},"locations":[{"start":{"line":49,"column":45},"end":{"line":51,"column":9}}]},"18":{"type":"branch","line":51,"loc":{"start":{"line":51,"column":9},"end":{"line":55,"column":9}},"locations":[{"start":{"line":51,"column":9},"end":{"line":55,"column":9}}]},"19":{"type":"branch","line":51,"loc":{"start":{"line":51,"column":51},"end":{"line":53,"column":9}},"locations":[{"start":{"line":51,"column":51},"end":{"line":53,"column":9}}]},"20":{"type":"branch","line":53,"loc":{"start":{"line":53,"column":9},"end":{"line":55,"column":9}},"locations":[{"start":{"line":53,"column":9},"end":{"line":55,"column":9}}]},"21":{"type":"branch","line":53,"loc":{"start":{"line":53,"column":50},"end":{"line":55,"column":9}},"locations":[{"start":{"line":53,"column":50},"end":{"line":55,"column":9}}]},"22":{"type":"branch","line":55,"loc":{"start":{"line":55,"column":8},"end":{"line":58,"column":5}},"locations":[{"start":{"line":55,"column":8},"end":{"line":58,"column":5}}]}},"b":{"0":[20],"1":[29],"2":[2],"3":[27],"4":[25],"5":[10],"6":[4],"7":[4],"8":[23],"9":[11],"10":[12],"11":[6],"12":[1],"13":[22],"14":[13],"15":[3],"16":[10],"17":[3],"18":[7],"19":[3],"20":[4],"21":[1],"22":[9]},"fnMap":{"0":{"name":"calcularValorDaCompra","decl":{"start":{"line":3,"column":4},"end":{"line":58,"column":5}},"loc":{"start":{"line":3,"column":4},"end":{"line":58,"column":5}},"line":3}},"f":{"0":20}}
}
