TN:
SF:src\caixa-da-lanchonete.js
FN:3,calcularValorDaCompra
FNF:1
FNH:1
FNDA:20,calcularValorDaCompra
DA:1,1
DA:2,1
DA:3,1
DA:4,20
DA:5,20
DA:6,20
DA:7,20
DA:8,20
DA:9,20
DA:10,20
DA:11,20
DA:12,20
DA:13,20
DA:14,20
DA:15,20
DA:16,20
DA:17,20
DA:18,20
DA:19,20
DA:20,20
DA:21,20
DA:22,20
DA:23,29
DA:24,29
DA:25,29
DA:26,29
DA:27,2
DA:28,2
DA:29,27
DA:30,29
DA:31,4
DA:32,29
DA:33,11
DA:34,23
DA:35,6
DA:36,6
DA:37,23
DA:38,29
DA:39,1
DA:40,1
DA:41,22
DA:42,22
DA:43,22
DA:44,13
DA:45,20
DA:46,3
DA:47,3
DA:48,10
DA:49,20
DA:50,3
DA:51,20
DA:52,3
DA:53,7
DA:54,1
DA:55,1
DA:56,9
DA:57,9
DA:58,9
DA:59,1
DA:60,1
DA:61,1
DA:62,1
DA:63,1
DA:64,1
DA:65,1
DA:66,1
DA:67,1
DA:68,1
LF:68
LH:68
BRDA:3,0,0,20
BRDA:22,1,0,29
BRDA:26,2,0,2
BRDA:28,3,0,27
BRDA:30,4,0,25
BRDA:30,5,0,10
BRDA:30,6,0,4
BRDA:30,7,0,4
BRDA:32,8,0,23
BRDA:32,9,0,11
BRDA:34,10,0,12
BRDA:34,11,0,6
BRDA:38,12,0,1
BRDA:40,13,0,22
BRDA:43,14,0,13
BRDA:45,15,0,3
BRDA:47,16,0,10
BRDA:49,17,0,3
BRDA:51,18,0,7
BRDA:51,19,0,3
BRDA:53,20,0,4
BRDA:53,21,0,1
BRDA:55,22,0,9
BRF:23
BRH:23
end_of_record
